<?xml version="1.0" encoding="UTF-8"?>
<!-- Generated by org.testng.reporters.JUnitXMLReporter -->
<testsuite ignored="2" hostname="LAPTOP-80LKIM7F" failures="0" tests="5" name="Test" time="44.498" errors="0" timestamp="2025-02-26T15:28:54 IST">
  <testcase classname="testpkg.Rnctest" name="test" time="8.99"/>
  <testcase classname="testpkg.LoginTest" name="test2" time="1.68"/>
  <testcase classname="testpkg.Hometest" name="homeTest" time="10.832"/>
  <testcase classname="testpkg.Hometest" name="cartTest" time="2.575"/>
  <testcase classname="testpkg.Hometest" name="checkOutTest" time="6.947"/>
  <testcase classname="basepkg.RncBase" name="@BeforeTest setUp" time="0.0">
    <ignored/>
  </testcase> <!-- @BeforeTest setUp -->
  <testcase classname="basepkg.RncBase" name="@BeforeTest setUp" time="0.0">
    <ignored/>
  </testcase> <!-- @BeforeTest setUp -->
</testsuite> <!-- Test -->
