<?xml version="1.0" encoding="UTF-8"?>
<testng-results ignored="2" total="7" passed="5" failed="0" skipped="0">
  <reporter-output>
  </reporter-output>
  <suite started-at="2025-02-26T15:28:10 IST" name="Suite" finished-at="2025-02-26T15:28:54 IST" duration-ms="44498">
    <groups>
    </groups>
    <test started-at="2025-02-26T15:28:10 IST" name="Test" finished-at="2025-02-26T15:28:54 IST" duration-ms="44498">
      <class name="testpkg.Rnctest">
        <test-method is-config="true" signature="setUp()[pri:0, instance:testpkg.Rnctest@27f981c6]" started-at="2025-02-26T15:28:10 IST" name="setUp" finished-at="2025-02-26T15:28:23 IST" duration-ms="13388" status="PASS">
          <reporter-output>
          </reporter-output>
        </test-method> <!-- setUp -->
        <test-method signature="test()[pri:0, instance:testpkg.Rnctest@27f981c6]" started-at="2025-02-26T15:28:23 IST" name="test" finished-at="2025-02-26T15:28:32 IST" duration-ms="8990" status="PASS">
          <reporter-output>
          </reporter-output>
        </test-method> <!-- test -->
      </class> <!-- testpkg.Rnctest -->
      <class name="testpkg.LoginTest">
        <test-method signature="test2()[pri:0, instance:testpkg.LoginTest@d9345cd]" started-at="2025-02-26T15:28:32 IST" name="test2" finished-at="2025-02-26T15:28:34 IST" duration-ms="1680" status="PASS">
          <reporter-output>
          </reporter-output>
        </test-method> <!-- test2 -->
      </class> <!-- testpkg.LoginTest -->
      <class name="testpkg.Hometest">
        <test-method signature="homeTest()[pri:1, instance:testpkg.Hometest@2d710f1a]" started-at="2025-02-26T15:28:34 IST" name="homeTest" finished-at="2025-02-26T15:28:45 IST" duration-ms="10832" status="PASS">
          <reporter-output>
          </reporter-output>
        </test-method> <!-- homeTest -->
        <test-method signature="cartTest()[pri:2, instance:testpkg.Hometest@2d710f1a]" started-at="2025-02-26T15:28:45 IST" name="cartTest" finished-at="2025-02-26T15:28:47 IST" duration-ms="2575" status="PASS">
          <reporter-output>
          </reporter-output>
        </test-method> <!-- cartTest -->
        <test-method signature="checkOutTest()[pri:3, instance:testpkg.Hometest@2d710f1a]" started-at="2025-02-26T15:28:47 IST" name="checkOutTest" finished-at="2025-02-26T15:28:54 IST" duration-ms="6947" status="PASS">
          <reporter-output>
          </reporter-output>
        </test-method> <!-- checkOutTest -->
      </class> <!-- testpkg.Hometest -->
    </test> <!-- Test -->
  </suite> <!-- Suite -->
</testng-results>
